[1119/144631.918:ERROR:http_transport_win.cc(273)] WinHttpSendRequest: The operation timed out (0x2ee2)
[1123/170348.756:ERROR:http_transport_win.cc(273)] WinHttpSendRequest: The operation timed out (0x2ee2)
[1219/101206.686:ERROR:http_transport_win.cc(273)] WinHttpSendRequest: The operation completed successfully. (0x0)
[0109/095941.995:ERROR:http_transport_win.cc(273)] WinHttpSendRequest: The operation completed successfully. (0x0)
[0109/111757.347:ERROR:http_transport_win.cc(273)] WinHttpSendRequest: The operation completed successfully. (0x0)
[0111/103904.692:ERROR:http_transport_win.cc(273)] WinHttpSendRequest: The operation completed successfully. (0x0)
[0111/135718.493:ERROR:http_transport_win.cc(273)] WinHttpSendRequest: The operation completed successfully. (0x0)
[0111/160816.762:ERROR:http_transport_win.cc(273)] WinHttpSendRequest: The operation completed successfully. (0x0)
[0114/104033.452:ERROR:http_transport_win.cc(273)] WinHttpSendRequest: The operation completed successfully. (0x0)
[0115/160609.250:ERROR:http_transport_win.cc(273)] WinHttpSendRequest: The operation completed successfully. (0x0)
[0116/142806.878:ERROR:http_transport_win.cc(273)] WinHttpSendRequest: The operation completed successfully. (0x0)
[0116/172737.661:ERROR:http_transport_win.cc(273)] WinHttpSendRequest: The operation completed successfully. (0x0)
[0118/105437.035:ERROR:http_transport_win.cc(273)] WinHttpSendRequest: The operation completed successfully. (0x0)
[0121/104117.244:ERROR:http_transport_win.cc(273)] WinHttpSendRequest: The operation completed successfully. (0x0)
[0121/130513.442:ERROR:http_transport_win.cc(273)] WinHttpSendRequest: The operation completed successfully. (0x0)
[0121/140919.358:ERROR:http_transport_win.cc(273)] WinHttpSendRequest: The operation completed successfully. (0x0)
[0121/173201.489:ERROR:http_transport_win.cc(273)] WinHttpSendRequest: The operation completed successfully. (0x0)
[0123/111817.905:ERROR:http_transport_win.cc(273)] WinHttpSendRequest: The operation completed successfully. (0x0)
[0123/155040.929:ERROR:http_transport_win.cc(273)] WinHttpSendRequest: The operation completed successfully. (0x0)
[0123/165429.713:ERROR:http_transport_win.cc(273)] WinHttpSendRequest: The operation completed successfully. (0x0)
[0129/100415.698:ERROR:http_transport_win.cc(273)] WinHttpSendRequest: The operation completed successfully. (0x0)
[0129/111016.026:ERROR:http_transport_win.cc(273)] WinHttpSendRequest: The operation completed successfully. (0x0)
[0129/130207.444:ERROR:http_transport_win.cc(273)] WinHttpSendRequest: The operation completed successfully. (0x0)
[0130/130500.925:ERROR:http_transport_win.cc(273)] WinHttpSendRequest: The operation completed successfully. (0x0)
[0130/142524.002:ERROR:http_transport_win.cc(273)] WinHttpSendRequest: The operation completed successfully. (0x0)
[0211/141221.695:ERROR:http_transport_win.cc(273)] WinHttpSendRequest: The operation completed successfully. (0x0)
[0215/093243.400:ERROR:http_transport_win.cc(273)] WinHttpSendRequest: The operation completed successfully. (0x0)
[0215/104323.431:ERROR:http_transport_win.cc(273)] WinHttpSendRequest: The operation completed successfully. (0x0)
[0220/094816.499:ERROR:http_transport_win.cc(273)] WinHttpSendRequest: The operation completed successfully. (0x0)
[0220/154543.126:ERROR:http_transport_win.cc(273)] WinHttpSendRequest: The operation completed successfully. (0x0)
[0221/142349.139:ERROR:http_transport_win.cc(273)] WinHttpSendRequest: The operation completed successfully. (0x0)
[0226/130022.813:ERROR:http_transport_win.cc(273)] WinHttpSendRequest: The operation completed successfully. (0x0)
[0226/130647.557:ERROR:process_info.cc(329)] VirtualQueryEx: Access is denied. (0x5)
[0226/130647.557:ERROR:process_info.cc(550)] ReadMemoryInfo failed
[0226/130647.557:ERROR:scoped_process_suspend.cc(40)] NtResumeProcess: An attempt was made to access an exiting process. (0xc000010a)
[0228/161415.072:ERROR:http_transport_win.cc(273)] WinHttpSendRequest: The operation completed successfully. (0x0)
[0306/161848.068:ERROR:http_transport_win.cc(273)] WinHttpSendRequest: The operation completed successfully. (0x0)
[0311/130946.659:ERROR:http_transport_win.cc(273)] WinHttpSendRequest: The operation completed successfully. (0x0)
[0313/113839.885:ERROR:http_transport_win.cc(273)] WinHttpSendRequest: The operation completed successfully. (0x0)
[0313/140506.684:ERROR:http_transport_win.cc(273)] WinHttpSendRequest: The operation completed successfully. (0x0)
[0314/133329.775:ERROR:http_transport_win.cc(273)] WinHttpSendRequest: The operation completed successfully. (0x0)
[0315/110502.956:ERROR:http_transport_win.cc(273)] WinHttpSendRequest: The operation completed successfully. (0x0)
[0321/180311.713:ERROR:http_transport_win.cc(273)] WinHttpSendRequest: The operation completed successfully. (0x0)
[0326/100547.813:ERROR:http_transport_win.cc(276)] WinHttpSendRequest: The operation completed successfully. (0x0)
[0328/130723.476:ERROR:http_transport_win.cc(276)] WinHttpSendRequest: The operation completed successfully. (0x0)
[0401/145118.728:WARNING:minidump_to_upload_parameters.cc(67)] duplicate annotation name metrics_client_id, discarding value bae8b3aff6404a9991f0c2140c79d56b
[0401/145139.790:ERROR:http_transport_win.cc(276)] WinHttpSendRequest: The operation completed successfully. (0x0)
